<?xml version="1.0" encoding="UTF-8"?>
<robot generator="Robot 3.1.1 (Python 3.7.3 on win32)" generated="20190522 13:13:36.076" rpa="false">
<suite id="s1" name="Front Office" source="C:\development\robot-framework\projects\front-office\tests\Front_Office.robot">
<test id="s1-t1" name="Should be able to access &quot;Team&quot; page">
<kw name="Begin Web Test" library="CommonWeb" type="setup">
<kw name="Open Browser" library="SeleniumLibrary">
<doc>Opens a new browser instance to the given ``url``.</doc>
<arguments>
<arg>about:blank</arg>
<arg>${BROWSER}</arg>
</arguments>
<msg timestamp="20190522 13:13:36.401" level="INFO">Opening browser 'chrome' to base url 'about:blank'.</msg>
<status status="PASS" starttime="20190522 13:13:36.401" endtime="20190522 13:13:38.897"></status>
</kw>
<kw name="Maximize Browser Window" library="SeleniumLibrary">
<doc>Maximizes current browser window.</doc>
<status status="PASS" starttime="20190522 13:13:38.897" endtime="20190522 13:13:40.039"></status>
</kw>
<status status="PASS" starttime="20190522 13:13:36.400" endtime="20190522 13:13:40.041"></status>
</kw>
<kw name="Go to Landing Page" library="FrontOfficeApp">
<kw name="Navigate To" library="Landing">
<kw name="Go To" library="SeleniumLibrary">
<doc>Navigates the active browser instance to the provided ``url``.</doc>
<arguments>
<arg>${URL}</arg>
</arguments>
<msg timestamp="20190522 13:13:40.048" level="INFO">Opening url 'http://www.robotframeworktutorial.com/front-office/'</msg>
<status status="PASS" starttime="20190522 13:13:40.047" endtime="20190522 13:13:42.657"></status>
</kw>
<status status="PASS" starttime="20190522 13:13:40.043" endtime="20190522 13:13:42.658"></status>
</kw>
<kw name="Verify Page Loaded" library="Landing">
<kw name="Wait Until Page Contains Element" library="SeleniumLibrary">
<doc>Waits until element ``locator`` appears on current page.</doc>
<arguments>
<arg>${LANDING_NAVIGATION_ELEMENT}</arg>
</arguments>
<status status="PASS" starttime="20190522 13:13:42.659" endtime="20190522 13:13:42.710"></status>
</kw>
<status status="PASS" starttime="20190522 13:13:42.658" endtime="20190522 13:13:42.710"></status>
</kw>
<status status="PASS" starttime="20190522 13:13:40.042" endtime="20190522 13:13:42.711"></status>
</kw>
<kw name="Go to &quot;Team&quot; Page" library="FrontOfficeApp">
<kw name="Select &quot;Team&quot; page" library="TopNav">
<kw name="Click Element" library="SeleniumLibrary">
<doc>Click element identified by ``locator``.</doc>
<arguments>
<arg>${TOP_NAV_TEAM_LINK}</arg>
</arguments>
<msg timestamp="20190522 13:13:42.715" level="INFO">Clicking element 'css=#bs-example-navbar-collapse-1 &gt; ul &gt; li:nth-child(5) &gt; a'.</msg>
<status status="PASS" starttime="20190522 13:13:42.714" endtime="20190522 13:13:42.897"></status>
</kw>
<kw name="Sleep" library="BuiltIn">
<doc>Pauses the test executed for the given time.</doc>
<arguments>
<arg>3s</arg>
</arguments>
<msg timestamp="20190522 13:13:45.899" level="INFO">Slept 3 seconds</msg>
<status status="PASS" starttime="20190522 13:13:42.897" endtime="20190522 13:13:45.899"></status>
</kw>
<status status="PASS" starttime="20190522 13:13:42.714" endtime="20190522 13:13:45.900"></status>
</kw>
<kw name="Verify Page Loaded" library="Team">
<kw name="Wait Until Page Contains Element" library="SeleniumLibrary">
<doc>Waits until element ``locator`` appears on current page.</doc>
<arguments>
<arg>${TEAM_HEADER_LABEL}</arg>
</arguments>
<status status="PASS" starttime="20190522 13:13:45.902" endtime="20190522 13:13:45.945"></status>
</kw>
<status status="PASS" starttime="20190522 13:13:45.901" endtime="20190522 13:13:45.946"></status>
</kw>
<status status="PASS" starttime="20190522 13:13:42.712" endtime="20190522 13:13:45.946"></status>
</kw>
<kw name="End Web Test" library="CommonWeb" type="teardown">
<kw name="Close All Browsers" library="SeleniumLibrary">
<doc>Closes all open browsers and resets the browser cache.</doc>
<status status="PASS" starttime="20190522 13:13:45.949" endtime="20190522 13:13:48.213"></status>
</kw>
<status status="PASS" starttime="20190522 13:13:45.948" endtime="20190522 13:13:48.214"></status>
</kw>
<doc>This is Test 1</doc>
<tags>
<tag>test1</tag>
</tags>
<status status="PASS" starttime="20190522 13:13:36.400" endtime="20190522 13:13:48.215" critical="yes"></status>
</test>
<test id="s1-t2" name="&quot;Team&quot; page should match requirements">
<kw name="Begin Web Test" library="CommonWeb" type="setup">
<kw name="Open Browser" library="SeleniumLibrary">
<doc>Opens a new browser instance to the given ``url``.</doc>
<arguments>
<arg>about:blank</arg>
<arg>${BROWSER}</arg>
</arguments>
<msg timestamp="20190522 13:13:48.230" level="INFO">Opening browser 'chrome' to base url 'about:blank'.</msg>
<status status="PASS" starttime="20190522 13:13:48.229" endtime="20190522 13:13:50.763"></status>
</kw>
<kw name="Maximize Browser Window" library="SeleniumLibrary">
<doc>Maximizes current browser window.</doc>
<status status="PASS" starttime="20190522 13:13:50.763" endtime="20190522 13:13:51.905"></status>
</kw>
<status status="PASS" starttime="20190522 13:13:48.228" endtime="20190522 13:13:51.905"></status>
</kw>
<kw name="Go to Landing Page" library="FrontOfficeApp">
<kw name="Navigate To" library="Landing">
<kw name="Go To" library="SeleniumLibrary">
<doc>Navigates the active browser instance to the provided ``url``.</doc>
<arguments>
<arg>${URL}</arg>
</arguments>
<msg timestamp="20190522 13:13:51.908" level="INFO">Opening url 'http://www.robotframeworktutorial.com/front-office/'</msg>
<status status="PASS" starttime="20190522 13:13:51.908" endtime="20190522 13:13:54.658"></status>
</kw>
<status status="PASS" starttime="20190522 13:13:51.907" endtime="20190522 13:13:54.659"></status>
</kw>
<kw name="Verify Page Loaded" library="Landing">
<kw name="Wait Until Page Contains Element" library="SeleniumLibrary">
<doc>Waits until element ``locator`` appears on current page.</doc>
<arguments>
<arg>${LANDING_NAVIGATION_ELEMENT}</arg>
</arguments>
<status status="PASS" starttime="20190522 13:13:54.661" endtime="20190522 13:13:54.703"></status>
</kw>
<status status="PASS" starttime="20190522 13:13:54.660" endtime="20190522 13:13:54.704"></status>
</kw>
<status status="PASS" starttime="20190522 13:13:51.906" endtime="20190522 13:13:54.704"></status>
</kw>
<kw name="Go to &quot;Team&quot; Page" library="FrontOfficeApp">
<kw name="Select &quot;Team&quot; page" library="TopNav">
<kw name="Click Element" library="SeleniumLibrary">
<doc>Click element identified by ``locator``.</doc>
<arguments>
<arg>${TOP_NAV_TEAM_LINK}</arg>
</arguments>
<msg timestamp="20190522 13:13:54.707" level="INFO">Clicking element 'css=#bs-example-navbar-collapse-1 &gt; ul &gt; li:nth-child(5) &gt; a'.</msg>
<status status="PASS" starttime="20190522 13:13:54.707" endtime="20190522 13:13:54.879"></status>
</kw>
<kw name="Sleep" library="BuiltIn">
<doc>Pauses the test executed for the given time.</doc>
<arguments>
<arg>3s</arg>
</arguments>
<msg timestamp="20190522 13:13:57.882" level="INFO">Slept 3 seconds</msg>
<status status="PASS" starttime="20190522 13:13:54.879" endtime="20190522 13:13:57.883"></status>
</kw>
<status status="PASS" starttime="20190522 13:13:54.706" endtime="20190522 13:13:57.883"></status>
</kw>
<kw name="Verify Page Loaded" library="Team">
<kw name="Wait Until Page Contains Element" library="SeleniumLibrary">
<doc>Waits until element ``locator`` appears on current page.</doc>
<arguments>
<arg>${TEAM_HEADER_LABEL}</arg>
</arguments>
<status status="PASS" starttime="20190522 13:13:57.885" endtime="20190522 13:13:57.927"></status>
</kw>
<status status="PASS" starttime="20190522 13:13:57.884" endtime="20190522 13:13:57.927"></status>
</kw>
<status status="PASS" starttime="20190522 13:13:54.705" endtime="20190522 13:13:57.928"></status>
</kw>
<kw name="Validate &quot;Team&quot; Page" library="FrontOfficeApp">
<kw name="Validate Page Contents" library="Team">
<kw name="Get Text" library="SeleniumLibrary">
<doc>Returns the text value of element identified by ``locator``.</doc>
<arguments>
<arg>${TEAM_HEADER_LABEL}</arg>
</arguments>
<assign>
<var>${ElementText}</var>
</assign>
<msg timestamp="20190522 13:13:58.015" level="INFO">${ElementText} = OUR AMAZING TEAM</msg>
<status status="PASS" starttime="20190522 13:13:57.932" endtime="20190522 13:13:58.015"></status>
</kw>
<kw name="Should Be Equal As Strings" library="BuiltIn">
<doc>Fails if objects are unequal after converting them to strings.</doc>
<arguments>
<arg>${ElementText}</arg>
<arg>Our Amazing Team</arg>
<arg>ignore_case=true</arg>
</arguments>
<status status="PASS" starttime="20190522 13:13:58.016" endtime="20190522 13:13:58.017"></status>
</kw>
<status status="PASS" starttime="20190522 13:13:57.931" endtime="20190522 13:13:58.018"></status>
</kw>
<status status="PASS" starttime="20190522 13:13:57.929" endtime="20190522 13:13:58.018"></status>
</kw>
<kw name="End Web Test" library="CommonWeb" type="teardown">
<kw name="Close All Browsers" library="SeleniumLibrary">
<doc>Closes all open browsers and resets the browser cache.</doc>
<status status="PASS" starttime="20190522 13:13:58.019" endtime="20190522 13:14:00.248"></status>
</kw>
<status status="PASS" starttime="20190522 13:13:58.019" endtime="20190522 13:14:00.248"></status>
</kw>
<doc>This is Test 2</doc>
<tags>
<tag>test2</tag>
</tags>
<status status="PASS" starttime="20190522 13:13:48.220" endtime="20190522 13:14:00.249" critical="yes"></status>
</test>
<doc>Talk about what this suite of tests does</doc>
<status status="PASS" starttime="20190522 13:13:36.080" endtime="20190522 13:14:00.255"></status>
</suite>
<statistics>
<total>
<stat pass="2" fail="0">Critical Tests</stat>
<stat pass="2" fail="0">All Tests</stat>
</total>
<tag>
<stat pass="1" fail="0">test1</stat>
<stat pass="1" fail="0">test2</stat>
</tag>
<suite>
<stat pass="2" fail="0" id="s1" name="Front Office">Front Office</stat>
</suite>
</statistics>
<errors>
</errors>
</robot>
